<?xml version="1.0" encoding="UTF-8"?>
<coverage generated="1592017573">
  <project timestamp="1592017573">
    <package name="CountryCity\API">
      <file name="E:\php\countrycity\api\v1\Location.php">
        <class name="CountryCity\API\Location" namespace="CountryCity\API" fullPackage="CountryCity" package="CountryCity">
          <metrics complexity="14" methods="5" coveredmethods="5" conditionals="0" coveredconditionals="0" statements="38" coveredstatements="38" elements="43" coveredelements="43"/>
        </class>
        <line num="32" type="method" name="getCountries" visibility="public" complexity="2" crap="2" count="2"/>
        <line num="35" type="stmt" count="2"/>
        <line num="36" type="stmt" count="1"/>
        <line num="37" type="stmt" count="1"/>
        <line num="40" type="stmt" count="1"/>
        <line num="51" type="method" name="getCities" visibility="public" complexity="2" crap="2" count="2"/>
        <line num="53" type="stmt" count="2"/>
        <line num="56" type="stmt" count="2"/>
        <line num="57" type="stmt" count="1"/>
        <line num="58" type="stmt" count="1"/>
        <line num="61" type="stmt" count="1"/>
        <line num="72" type="method" name="mb_search" visibility="public" complexity="1" crap="1" count="1"/>
        <line num="74" type="stmt" count="1"/>
        <line num="75" type="stmt" count="1"/>
        <line num="76" type="stmt" count="1"/>
        <line num="77" type="stmt" count="1"/>
        <line num="88" type="method" name="countries" visibility="private" complexity="3" crap="3" count="2"/>
        <line num="90" type="stmt" count="2"/>
        <line num="91" type="stmt" count="1"/>
        <line num="94" type="stmt" count="1"/>
        <line num="95" type="stmt" count="1"/>
        <line num="96" type="stmt" count="1"/>
        <line num="97" type="stmt" count="1"/>
        <line num="98" type="stmt" count="1"/>
        <line num="99" type="stmt" count="1"/>
        <line num="100" type="stmt" count="1"/>
        <line num="112" type="method" name="cities" visibility="private" complexity="6" crap="6" count="2"/>
        <line num="114" type="stmt" count="2"/>
        <line num="115" type="stmt" count="1"/>
        <line num="118" type="stmt" count="2"/>
        <line num="120" type="stmt" count="2"/>
        <line num="121" type="stmt" count="2"/>
        <line num="122" type="stmt" count="2"/>
        <line num="123" type="stmt" count="2"/>
        <line num="124" type="stmt" count="1"/>
        <line num="125" type="stmt" count="1"/>
        <line num="127" type="stmt" count="1"/>
        <line num="128" type="stmt" count="1"/>
        <line num="129" type="stmt" count="1"/>
        <line num="130" type="stmt" count="1"/>
        <line num="134" type="stmt" count="2"/>
        <line num="135" type="stmt" count="1"/>
        <line num="138" type="stmt" count="1"/>
        <line num="141" type="stmt" count="0"/>
        <metrics loc="140" ncloc="91" classes="1" methods="5" coveredmethods="5" conditionals="0" coveredconditionals="0" statements="38" coveredstatements="38" elements="43" coveredelements="43"/>
      </file>
    </package>
    <metrics files="1" loc="140" ncloc="91" classes="1" methods="5" coveredmethods="5" conditionals="0" coveredconditionals="0" statements="38" coveredstatements="38" elements="43" coveredelements="43"/>
  </project>
</coverage>
